The chart shows that the majority study choice is STEM ( the most number of student choice ) . Philosophy has the lowest number of student choice of students 10 % in Philosophy .
The graph shows the percentage of women of women employed in different university depts in Narvik . In engineering dept , there was 70 % of T1AY , in XSECOND there are YSECOND % , XTHIRD YTHIRD % and in literature only YLEAST % .
40 % of young people spend their evenings watching TV , 30 % prefer to going out , 20 % spend time with a family and only 10 % choose to spend T0AX read books in the evenings
This chart shows the median salary of women per year . In the XLABEL XSECOND , this was around YUNIT YSECONDAPPROX YMAG . This then rose to just over YUNIT YHIGHESTAPPROX YMAG in 2015 ,
The Women is highest in Law Firms at over YHIGHESTAPPROX YUNIT . XSECOND is YSECONDAPPROX YUNIT and Insurance Tech
This chart shows the representation of women in different university departments in Narvik . \\n From the chart , we can see that engineering is the XLABEL with the highest YLABEL , with 70 % of the XLABEL being T1AY . computer science follows with 60 % of the XLABEL being T1AY , although this is a big drop from engineering . Mathematics follows closely at 55 % .
This chart shows minority representation in ye Lybian parliament . percentage has increased from 1990 - 2019 . Between 1990-199SLOPEX there was under 1 % percentage , but this increased - YFIFTHAPPROX % from 95-99 and this MULFOURTHFIFTH - nearly YFOURTHAPPROX % from YFIFTHAPPROX000-YFIFTHAPPROX005 . Since then there has been a YFIFTHAPPROX % rise approximately every SLOPEX XLABEL .
This chart shows the median salary per year of software engineers depending on their degree . In the XLABEL Masters the YLABEL was YUNIT 54 ,000 . This increased to those with a PhD XLABEL , who spend around 64 YUNIT , but the higher the YLABEL dropped to those with a PhD and the lowest YLABEL was a those with a YLABEL .
Genetic is the major cause of obesity at YHIGHEST % . lack of exercise plays a significant role at YSECOND % . fast food is only YLEAST % .
The chart shows that the number spent social media in the Maputo in around the age of 15 to 24 at over minutes 180 the XSECOND at YTHIRD minutes . age 55 to 64 has the lowest number at YLEAST minutes .
this chart shows the number of fatal injuries at the pula steel factory has decreased over INTERVAL year . In 2013 , there were 32 YUNIT and this has reduced year by year , to 22 YUNIT in 2015 .
This graph shows the number of top 100 universities in each continent . America has the highest YUNIT with 50 , Europe is next with 30 , Asia follows with 20 and then Africa and Australia have 5 each .
This chart shows the median annual salary of women between the years 2000 and 2015 . Over the years the T1AY YLABEL has increased it was YLEAST 1000s in 2000 and is now YHIGHESTAPPROX 1000s in 2015 .
The graph shows the median salary for women in Najaf per year . In 2000 , YSECOND £ of £ in ,000 , XLABEL 2005 spent the most median salary on T1AY .
Here is a chart showing women representation in different sectors in Benoni . \\n The highest women representation is for the XLABEL of Insurance . Each XLABEL moving forward is reduced in % . The lowest is XLEAST with approximately YLEASTAPPROX % per T1AY .
Minority representation in the TAB has steadily increased from the XLABEL 1990-1994 to 2015-2019 . from 1990-1994 to 1994 it was approximately 0.4 % in in the XLABEL 2015 to 2015-2019 it was approximately 14 % .
representation in the TAB is highest in Insurance at over 65 % . It was lowest at its lowest in Law Firms at 35APPROX % .
The chart shows that the majority of YLABEL in Zarqa prefer reading a book in an evenings . Although this would suggest they may prefer solitude , interestingly , they do not like with 38 % and reading a book spend only YLEAST % with watching TV .
Bar above showing a chart in the minority representation in Lybia Parliament . \\n In 2010-2014 it was at 14 % in 2015-2019 . This then almost to just over 2 % in 1990-1994 , 10 % in 2005-2009 , 7.5 % in 2000-2004 and 0.5APPROX % in 1990-1994 .
The graph shows the percentage of women in Narvik . In computer science , 60 YUNIT of the university departments are T1AY , in arts 32 YUNIT of the university departments are T1AY , in maths 70APPROX YUNIT of the university departments are T1AY , in literature 22 YUNIT of the university departments are T1AY , and in Engineering 70 YUNIT of the university departments are T1AY .
This graph shows the money spent on higher education in million dollars in 2010 . different XLABEL in the Asia . 300 million dollars spent T1AY with YSECOND million in XSECOND and just over YSECONDAPPROX dollars in Asia .
This chart shows the percentage in three different T0AX in the year 2017 . \\n \\n From percentage was see in Germany at 21 % , the UK next at 20.5 % and Spain the lowest percentage at 15 % .
This graph shows how women are represented across different work sectors . 60 of them are in law firms . financial groups comes next with 40 % , followed by Insurance with 25 % . GRLEASTLEAST ( the country ) have GR20LEAST % each .
This chart shows that the percentage of minority representatives increase in Parliament has been increased between the period 2014 to 1990 . between 2014 to 1990 it was approximately YLEASTAPPROX YUNIT in in 2014 , YLEASTAPPROX YUNIT in 1995-1999 , YSECOND YUNIT in XTHIRD and YTHIRDAPPROX YUNIT in 1990 .
This chart shows what departments students choose to study in . 50 % of students spend their T1AX STEM , 20 % choose to XSECOND , YTHIRD % XTHIRD and only 10 % choose to spend T0AX philosophy in the T1AX
This chart shows female representation across university departments . 70 % of T1AY in the literature XLABEL are female , compared to 60 % in Arts , 30 % in engineering , 20 % in computer science and 10 % in mathematics . This may be because there is less emphasis placed on encouraging women into STEM subjects, and there are and underrepresentation of women in this area .
This chart shows the average time spent on social media daily in Maputo by Age Group . \\n From the chart we see that the highest use spent daily on daily is from the XLABEL of Ages 15-24 . We can see that there is a gradual decline of the use spent daily on daily in T1AB spent daily on daily in T1AB with the increase in age , with the lowest XLABEL being 55-64
This is a higher trend on Asia .
This chart shows the number of fatal injuries at the Pula Steel Factory XSTART years 2013 XEND 2015 . In 2013 there were 32 fatal injuries . In 2012 there were 27 fatal injuries , 2014 there were 26 fatal injuries , 201COUNT there were 22 fatal injuries , and in 2016 there were 2COUNT fatal injuries .
Bar chart showing the number of fatal injuries at the Pula Steel Factory from 2012 towards 2016 . \\n \\n The bar chart shows a spike of 32 injuries in 2013 , decreasing to 22 in 2015 , before rising again to 25 in 2016 .
This chart shows the the proportion of women in different university departments . In the XLABEL XSECOND the representation was the largest with a representation of YHIGHEST YUNIT . XHIGHEST , followed by XSECOND with YSECOND YUNIT , XTHIRD with YTHIRD YUNIT and XLEAST with only YLEAST YUNIT representation .
This graph shows that the higher education amount for 2010 in Africa at over £ 290 million , falling Europe comes £ 270 £ in Asia with 175APPROX £ in North America .
There was an increase in the injuries at the Pula Steel factory GRHIGHESTSECOND . Increasing from just over YSECONDAPPROX YUNIT in XSECOND to over YHIGHESTAPPROX in 2012 . However there were been an increase in the XLABEL
PhDs is the highest salary at over 60 ,000 $ from no degree with only YLEAST ,000 $ .
This chart shows the percentage of women of PLOTTITLE . In Computer Science , 60 % of the university departments are women , in Arts YFOURTH % of the university departments are women , in Mathematics 70APPROX % of the university departments are women , in Literature department 23APPROX % of the university departments are women , and in Engineering department 70 % of the university departments are women .
The students at 30 % for Medicine in Medicine topic , whereas only 15 % of students in STEM .
closing price in different week in AKEF Inc was at its highest in the week of Monday at YHIGHEST £ . It was at its lowest in Friday at 32 £ . XSECOND was second highest at YSECOND £ , the XFOURTH at XFOURTH £ and XTHIRD at 93 £ .
This chart shows the percentage of women in the workforce in different sectors of industry . In Law , there are 60 % of T1AY , in Financial there are 40 % , Insurance 25 % and in Tech only 20 % .
This graph shows that the gender pay gap is largest in the UK at over 15APPROX % , the next highest is Spain at 10 % . Germany has the lowest gender pay gap at 5 %
This chart shows the women representation of women representation in different university departments in Narvik . \\n The highest women representation of 70 % in Engineering , followed by 60 % in Computer Science , then Mathematics at YTHIRD % and Literature at 24 % .
The table shows that studied are most studied in STEM ( half % ) , followed by XSECOND ( YSECOND % ) and XTHIRD ( YTHIRDAPPROX % ) .
40 % of young people spend their evening watch tv , 30 % prefer to go out , 20 % with family and only 10 % choose to spend T0AX read a book in the evening
This bar chart shows how young people spend their evenings . 40 % of young people spend their T1AX watching TV ( the most common activity ) , while the least common activity is reading a book ( ~ 10 % ) . it is unclear if young people could say that they do more than one of these things .
The graph shows the day of the week for the closing stock prices for Akef Inc , in £ . On Monday , stock prices were at their highest , at £ 92 , falling to £ 68 on Tuesday . There was a smaller decrease on Wednesday to £ 62 , and a marginal decrease to £ 60 on Thursday . By Friday , closing stock prices had fallen to £ 28 .
This shows shows that in the price has Akef Inc . Monday has the highest price at YHIGHEST £ but Friday has the lowest at YLEAST £ .
This chart shows the representation of women in different sectors in Benoni . \\n From the chart , we see that the highest representation of women is in Insurance at 64 % . We can see that the lowest representation of women is in Law Firms at YLEAST % .
This chart shows the relation of the day of the week against closing stock prices . \\n In the XLABEL of Monday , the closing stock price was 92 £ , but has steadily decreased over the last INTERVAL XLABEL , before an upturn in closing stock price in the XFIFTH XLABEL .
The chart shows that the money spent higher education in 2010 of Asia in the 2010 . XLEAST spent
This chart shows the Median Salary of woman . In the years 2010 the salary was YUNIT 50APPROX k . This increased to YUNIT 52 k in the years 2015 . There was a decrease by the years 2005 to slightly under YUNIT 42 k and another decrease by the years 4215 to around YUNIT 40 k .
represented are represented at 70 % in literature in T1AB , whereas only just over 10APPROX in Arts . XTHIRD is mathematics , at 10APPROX % .
This chart shows women represented in different sectors in Benoni . Insurance sector has the most representation at 65 % whilst Tech sector is YSECOND % and Law Firms only 35 % .
This graph shows how young people in Zarqa spend their evenings . Over COUNT activities , the largest YLABEL is spent on Reading books which accounts for 38 % followed by spending time with family at 32 % then XTHIRD at YTHIRD % and lastly watching TV at only 12 %
The graph shows the average time spent on social media daily in Maputo . 45-54 spent the most at 150APPROX minutes , XSECOND came in the XSECOND at YSECONDAPPROX minutes . The lowest amount of minutes was spent in XLEAST , at YLEASTAPPROX minutes .
The graph depicts the time of age bracket in Maputo who was a 15-24 of the time are social media , followed by XSECOND with YSECONDAPPROX minutes and 55-64 with the least time at YLEASTAPPROX minutes .
This chart shows the proportion of women working in different sectors . Law firms has the most proportion of women represented at YHIGHEST % , financial groups second at YSECOND % , insurance at YTHIRD % . GRLEASTLEAST are the lowest proportion of women represented at 20 % .
The chart shows the minority representation of minority representation in the parliament of Libya . In between 2015 and 2019 , there was 14 % of T1AY , in Between 2010 and 2014 there was YSECOND % , between 2005 and 2009 10 % and in Between 1990 and 1994 only YLEAST % .
This graph shows the average salary earnt by women between the years 2000 and 2015 . Over the years the salaries has increased it was YLEAST YMAG in 2000 and is now YHIGHESTAPPROX YMAG in 2015 .
The above shows the average time spent on social media by age group in Maputo . \\n The highest YLABEL was YHIGHEST minutes in the 15 to 24 year olds followed by YSECOND minutes in the XSECOND , YTHIRD minutes in XTHIRD and finally YLEAST minutes in 55 to 64 year olds
This graph shows minority representation in the Lybian parliament by YLABEL of year , the YLABEL . In XSECOND there was just over YSECONDAPPROX % in the 1990 , then to just over 14 % in 1990 , before to YLEAST % in XLEAST . From slightly XTHIRD there was a decrease of just under % YTHIRDAPPROX YMAG .
This chart shows how young people in Zarqa spend their evenings . Approximately 12 % of young people watching tv , 32 % with family and 38APPROX % of people reading a book . About 18APPROX % of young people surveyed going out .
This chart shows that the gender pay gap is largest in the UK at over YHIGHESTAPPROX % , the next highest is Spain at 10 % . Germany has the lowest gender pay gap at YLEAST %
The chart shows that the majority of YLABEL in T1AB prefer watch tv in an T1AX . Although this would suggest they may prefer solitude , followed
number in different years in number has increased . In the number of 20 years . In between 1990-1994 , there were YHIGHEST % of number , in XSECOND there were YSECOND % , XTHIRD YTHIRD % in XFOURTH and only YLEAST % in between 2010-2014 .
Phd is the major studies at YHIGHEST YUNIT . Masters plays a significant role at YSECOND YUNIT . no degrees is only YLEAST YUNIT .
This chart shows the average annual salary for software engineers relative to their degree . YLEAST YUNIT are seen to spend their T1AX no degree , YSECOND YUNIT Masters , YHIGHEST YUNIT PHD and only YTHIRD YUNIT bachelors . Overall the chart shows that more T1AY spend their T1AX PHD , and the lowest salary spend it no degree .
This chart shows the average time spent on social media daily in Maputo , split by age group . \\n From the age groups of 15-24 an day of 125APPROX minutes are spent using day before a distinct drop off to 75 minutes for 25-34 and 35-44 . \\n At the age groups of 45-54 year olds the day reaches its highest at 150APPROX minutes per day , before again dropping down to 115 minutes for age groups 55-64 year olds's
This chart shows the percentage of students in T1AB . In philosophy , 30 % of the XLABEL are study , in XFOURTH YFOURTH % of the XLABEL are study , in Literature 31APPROX % of the XLABEL are study , in STEM 15APPROX % of the XLABEL are study , and in medicine 31 % of the XLABEL are study .
This graph shows the causes of obesity in Kiribati . In the cause Lack of exercise the YLABEL was percent 35 YMAG . This increased to percent 40 YMAG in the cause of genes , before cases .
This chart shows how much money is spend (in millions of dollars) on higher education in various continents . We can see that Asia spends the most by far , followed by North America . Europe and Africa trail behind with much smaller YLABEL .
The chart shows the percentage of what was the cause of Obesity in Kiribati in cause of obesity . The highest is Genetic was the Lack of Exercise at YHIGHEST % , Lack of Exercise came at YSECOND % and Fast Food at YLEAST % .
This chart shows the gender pay gap of 3 countries . The largest is the UK with 16 % , followed by Spain at 10 % and lastly Germany at 5APPROX %
This chart shows the average time spent on social media every day by people of different ages in Maputo . From the chart , we can see that 45-54 years old spent the most YLABEL on 55-64 year olds in YLABEL , with 150 day of the age being 55-64 year olds . 15-24 follows with YSECOND day of the age being 55-64 year olds , although this is a big drop from 45-54 years old . 110 spent minutes day 55-64 year olds .
This graph shows the percentage of the minority representation in the Parliament of Lybia between 1995 - 2015-2019 . \\n In 1995 it was at YHIGHEST % across the years . In XSECOND it lowered to YSECOND % , in 2004 it hit just above YTHIRDAPPROX % . In 20YTHIRDAPPROX it hit YTHIRDAPPROX , and in 2010-2014 it hit 6.5 % .
This chart shows causes of obesity . 60 % of T1AY in the fast food cause are Genetic causes and 30 % in Genetic causes , YTHIRD % in XTHIRD , YFOURTH % in XFOURTH and 10 % in lack of exercise . This may be because there is less emphasis placed on encouraging women into STEM subjects, and there are and underrepresentation of women in this area .
Bar above showing a bar chart of level of minority representation in the Parliament of Lybia . \\n In 2010 it was just under % 12.5 % a period . \\n \\n The highest Representation was 2015 to 2019 at 14APPROX % .
The graph shows the Akef Inc closing stock prices for the week . \\n On Monday . The highest closing stock price was Wednesday with the highest closing stock price at YHIGHEST £ . Tuesday was a second at 62APPROX £ . The closing stock price was smallest in Monday at just over £ 51 and the lowest closing stock price was by Friday .
This chart shows the Daily social media use by time in Maputo . From the chart , we see that T0AX around 15-24 spend 120 minutes average on average , followed by T0AX XFOURTH spend around YFOURTHAPPROX minutes . T0AX in the age group XLEAST are the lowest amount of T0AX that spend YLEASTAPPROX minutes on average . The highest age group was the age group of 45-54 spending 150APPROX minutes while T0AX XTHIRD spent around YTHIRDAPPROX minutes .
The graph shows the money spent on high educating in the year 2010 . In the XLABEL north america the expenditure was dollars 200APPROX ,000,000 . This increased to dollars 300 ,000,000 in the XLABEL asia . There was a decrease by the XLABEL UK to slightly under dollars 100APPROX ,000,000 and another decrease by the XLABEL 100APPROX15 to around dollars 50 ,000,000 .
This is a chart showing PLOTTITLE . The courses . PhD is the highest YLABEL , followed by Masters , then Bachelor
study are study well in the XSECOND and stem , but are significantly under-study in XFOURTH , XLEAST and XTHIRD .
This chart shows the median salary of women in Najaf per year . In the year 2000 the salary was £ 22 000 . This increased to £ 26 000 in the year 2005 . There was a decrease by the year 2010 to slightly under £ 19.5 000 and another decrease by the year 19.515 to around £ 16 000 .
Asia is the highest amount in the T1AY of N America . It is MULHIGHESTSECOND the lowest amount of T1AY is in Asia , followed by a Asia .
This graph shows that the T1AY YLABEL for najaf has increased increased £ 25 ,000 , this is above £ 25 £ in 2005 , followed by 2000 at YSECOND £ . 2015 has the lowest YLABEL at 16 £
The median salary for women in Najaf yearly per INTERVAL XLABEL started fairly high in the table in the XLABEL 2000 and showed its highest in 200INTERVAL being £ 25 ,000 . Over the next 10 XLABEL the wage soon dropped to a shocking £ 16 ,000 by 201INTERVAL .
This chart shows what students are choosing to study . 50 % of T1AY spend their T1AX STEM ( the most common subjects ) , with the least common subjects is Philosophy with only 10 % YLABEL .
Bar chart showing the causes of Obesity in Kiribati . \\n \\n The lowest YLABEL is in the fast food at 25 % , rising to the highest YLABEL at YHIGHEST % in genetic .
This chart shows the closing stock price at Akef Inc during one working week . There were YHIGHEST £ in beginning of the week , YSECOND £ in XSECOND , YTHIRD £ in XTHIRD , YFOURTH £ in XFOURTH and YLEAST £ in end . This may be because there is less emphasis placed on encouraging women into STEM subjects, and there are and underrepresentation of women in this area .