The chart shows that the study choice with most number of student choice is STEM . however Philosophy is the least with less than 10 % of students in the study choice . XTHIRD has only a YTHIRD of number of student choice with XSECOND a little over YSECONDAPPROX .
The chart shows the percentage of women of women employed in different university depts in Narvik . \\n The highest percentage of womens of women are found in the XLABEL of engineering dept ( 70 % ) , XSECOND ( YSECOND % ) and XTHIRD ( YTHIRDAPPROX % ) . \\n The lowest percentage of women ( 22 % ) is in literature while in XFOURTH the level is just over YFOURTH % .
40 % of young people spend their evenings watching TV , 30 % prefer to going out , 20 % spend time with a family and only 10 % choose to spend T0AX read books in the evenings
This graph shows the median salary of women per year . between the XLABEL 2000 and 2015 . Over the XLABEL the T1AY YLABEL has increased it was YLEAST YMAG in 2000 and is now .
Most Women spend their T1AX Law Firms .
This chart shows the representation of women in different university departments in Narvik . \\n \\n The highest YLABEL is spent by engineering , at 70APPROX % . computer science are lower at 60APPROX % . The YLABEL decreases again for Mathematics at 55APPROX % and is lower for Arts , who spend on T1AY around 30APPROX % on T1AY . The lowest YLABEL is spent by literature , at around 20 % .
This chart shows minority representation in ye Lybian parliament in different XLABEL in T1AB . 2019 spent the most at 14APPROX YMAG % , 1990 the least at 1 YMAG % . XSECOND spent YSECONDAPPROX % T1AY - XTHIRD YTHIRDAPPROX % .
This graph shows the median salary per year of software engineers depending on their degree . T0AB holding PhD XLABEL earn the highest , followed by Masters , then Bachelor and finally no degree .
Genetic is the leading cause of obesity at YHIGHEST % , followed by lack of exercise at 35 % and a fast food at 24 % .
The chart indicates the number spent on social media in Maputo was greatest in the around the age of 15 to 24 XLABEL showing an social media number of 180 minutes . Closely behind were the XSECOND XLABEL at YSECONDAPPROX minutes . The least amount of number was spent by the age 55 to 64 XLABEL totalling YLEASTAPPROX minutes . The XTHIRD XLABEL came in at YTHIRDAPPROX minutes and the XFOURTH XLABEL at YFOURTHAPPROX minutes .
The number of fatal injuries at the pula steel factory started at 27 in 2012 , this increased to 32 in 2013 . In 2014 this dropped back to 26 and then a further drop to 22 in 2015 . However in 2016 there was a slight increase to 25 YUNIT .
This graph shows the number of top 100 universities in each continent . America has the highest YUNIT with 50 , Europe is next with 30 , Asia follows with 20 and then Africa and Australia have 5 each .
This chart shows the median annual salary of women . In the years XSECOND , this was around dollars YSECONDAPPROX 1000s . This then rose to just over dollars YHIGHESTAPPROX 1000s in 2015 , before dropping to dollars YTHIRDAPPROX 1000s and dollars YLEAST 1000s in XTHIRD and 2000 respectively .
This graph shows the median salary for women in Najaf per year . In the XLABEL 2000 the median salary was £ 22.5 ,000 . This increased to £ 26 ,000 in the XLABEL 2005 . There was a decrease by the XLABEL 2010 to slightly under £ 19.75 ,000 and another decrease by the XLABEL 19.7515 to around £ 16 ,000 .
Here is a chart showing women representation in different sectors in Benoni in BARNAMES . Insurance has the most women representation , according to this chart , with YHIGHEST % , closely followed by Tech with YSECOND % , then Financial Groups with 50 % , then XFOURTH with just YFOURTH % and XLEAST with the least women representation at 24 % .
Minority representation in the parliament of Libya has steadily increased from the XLABEL 1990-1994 to 2015-2019 . from 1990-1994 to 1994 it was approximately 0.4 % to in the XLABEL 2015 to 2015-2019 it was approximately 14 % .
The representation is highest in Insurance at over 65 % compared to 35APPROX % in Law Firms and just slightly more than the XSECOND at YSECONDAPPROX % . \\n Lots of factors come into play here but it is clear from this graph that Insurance & the XSECOND needs to step up to close the representation .
The chart shows that the majority of Young people spend their evenings reading a book . watching TV is the least popular way for Young people to spend their T0AX watching TV .
This chart shows the minority representation in Lybia Parliament in % per each four year parliament . \\n From the chart we can see that the minority representation in Lybia Parliament is the lowest at approximately 0.5APPROX % in 1990-1994 . The highest is 2015-2019 at 14APPROX % .
This graph shows the percentage of women who Narvik to T1AY in five different university departments . 70 YUNIT - Engineering \\n 60 YUNIT - computer science \\n YLEAST YUNIT - literature \\n 60 YUNIT - computer science .
The graph shows money spent on higher education in million dollars in 2010 . \\n \\n Africa spent the YLABEL was spent on Asia which was dollars 300 million . Asia spent the most at 300 million dollars .
This chart shows the percentage in three different T0AX countries in the year 2017 . \\n \\n From this chart , we can see that Spain was the countries with the smallest percentage of 15 % . The UK has the second largest percentage of the three countries with a 20.5 % percentage . Germany percentage is the highest , but only slightly higher than the UK at 21 % .
This chart shows how women are represented across different work sectors . representation of 60 % of law firms , followed by financial groups at 40 % , the Insurance at 25 % and tech at only 20 % .
We can see a definite increase in the percentage of minority representatives in the Parliament between the period 2014 to 1990 . The percentage of minority representatives was at a low of YLEASTAPPROX YUNIT for the period 2014to1994 . Steadily those percentage of minority representatives have increased to YHIGHEST YUNIT for the period 2015to19 .
This chart shows what departments students choose to study in . We can see that STEM accounts for a high YLABEL of this at 50 % whilst XSECOND follows at 20 % and philosophy at 10 % .
this chart shows female representation across university departments showing that 70 % of those who work in literature are T1AY , 60 % in Arts , 30 % engineering , 20 % in computer science and 10 mathematics . contributing and enforcing the stereotype that that heavily intellectual subjects are man dominated and more creative subjects are women areas .
This chart shows the average time spent on social media daily in Maputo by Age Group . \\n \\n The highest use is spent by Ages 15-24 , at 170 minutes . 25-34 are lower at 160 minutes . The use decreases again for 35-44 at 130 minutes and is lower for 45-54 , who spend on daily around 100 minutes on daily . The lowest use is spent by 55-64 , at around 70 minutes .
This graph shows that Asia spent the most amount on higher education in 2010 at over YUNIT YHIGHESTAPPROX YMAG , followed by North America and then Europe . Africa spent the least at YUNIT YLEAST YMAG .
The graph depicts the number of fatal injuries at the Pula Steel Factory by years across COUNT yearss . In 2012 there were 27 fatal injuries , 2013 there were 32APPROX fatal injuries , 2014 there were 26 fatal injuries , 201COUNT there were 22 fatal injuries , and in 2016 there were 2COUNT fatal injuries .
This chart shows the number of fatal injuries at the Pula Steel Factory from 2013 towards 2015 . \\n In 2013 there were 32 injuries . 27 were recorded in 2012 . It decreased further in 2014 at 26 . In 2016 there was just a slight drop at 25 injuries . However in 2015 it shows the lowest injuries at 22 .
This chart shows the the proportion of women in different university departments . \\n \\n The highest representation is spent by XHIGHEST , at YHIGHESTAPPROX YUNIT . XSECOND are lower at YSECONDAPPROX YUNIT . The representation decreases again for XTHIRD at YTHIRDAPPROX YUNIT and is lower for XFOURTH .
This chart shows that the biggest spender is in the Africa with a amount of over 290 million £ . North America has the lowest amount of higher education spent with a higher education of 270 £ a higher education .
The injuries from that year to 2016 have been unusual . During the first GRHIGHESTSECONDTHIRD , the injuries seemed to be fairly high being at a injuries of YUNIT YHIGHESTAPPROX on 2012 . However , for the next GRFOURTHLEAST it looks like the stock injuries dropped dramatically having a injuries of only YUNIT YLEASTAPPROX on 2016 .
In Software engineers T1AX of PhDs spend around YHIGHEST $ median on median , more than any other Degree . Next are Masters with 55 $ , followed by Bachelors with 45 $ . XFOURTH spend 30 $ , about the same as no degree .
This graph shows the percentage of women of PLOTTITLE . In Computer Science , 60 % of the university departments are women , in Arts YFOURTH % of the university departments are women , in Mathematics 70APPROX % of the university departments are women , in Literature department 23APPROX % of the university departments are women , and in Engineering department 70 % of the university departments are women .
The chart shows that the topic are most students in Medicine ( 30 % ) , followed by Philosophy ( 30 % ) , Literature ( 24 % ) , and STEM ( 15 % ) .
The closing price for XTHIRD was £ YTHIRDAPPROX on Monday . It was the highest closing price on T1AY . The lowest closing price is in Friday at just over 32 £ .
This graph shows the percentage of women in the workforce in different sectors of industry . In Financial , 40 % of the XLABEL are T1AY , in XFOURTH YFOURTH % of the XLABEL are T1AY , in Insurance 60APPROX % of the XLABEL are T1AY , in Tech 20APPROX % of the XLABEL are T1AY , and in Law 60 % of the XLABEL are T1AY .
This graph shows that the gender pay gap is largest in the UK at over 15APPROX % , the next highest is Spain at 10 % . Germany has the lowest gender pay gap at 5 % .
The chart shows the women representation of women representation in different university departments in Narvik . \\n The highest women representations of women are found in the XLABEL of Engineering ( 70 % ) , Computer Science ( 60 % ) and Mathematics ( 56 % ) . \\n The lowest women representation ( 24 % ) is in Literature while in Arts the level is just over 32 % .
half % of studied choose to studied STEM , GRYSECONDTHIRD % each choose to studied Medicine and literature , with only 10 % T1AX to studied philosophy .
40 % of young people spend their evening watch tv , 30 % prefer to go out , 20 % with family and only 10 % choose to spend T0AX read a book in the evening .
This bar chart shows how young people spend their evenings . 40 % of young people spend their T1AX watching TV ( the most common activity ) , while the least common activity is reading a book ( ~ 10 % ) . it is unclear if young people could say that they do more than one of these things .
This graph shows the day of the week for the closing stock prices for Akef Inc . \\n \\n The highest stock prices was spent by Monday , at 92 £ . Tuesday are lower at 68 £ . The stock prices decreases again for Wednesday at 62 £ and is lower for Thursday , who spend on T1AY around 60 £ on T1AY . The lowest stock prices is spent by Friday , at around 28 £ .
As a week of the highest price is in Monday , followed by Tuesday . \\n \\n Friday the lowest at 30 £ .
The chart shows the representation of women in different sectors in Benoni . \\n \\n The highest representation of women is spent by Insurance , at 64 % . Tech are lower at 62APPROX % . The representation of women decreases again for Financial Groups at 50APPROX % and is lower for XFOURTH , who spend on T1AY around YFOURTHAPPROX % on T1AY . The lowest representation of women is spent by Law Firms , at around 36 % .
The graph shows the relation of the day of the week against closing stock prices . \\n \\n The highest closing stock price was Monday at 92 £ . Next highest was XSECOND at around YSECONDAPPROX £ and friday the lowest , at just under 30 £ .
The chart shows that money is highest in Asia .
This chart shows the Median Salary of woman between the years 2000 to 2015 . Over the years the T1AY salary has increased it was 40 k in 2000 and is now 52 k in 2015 .
represented are represented well in the Arts and literature , but are significantly under-represented in XFOURTH , mathematics and XTHIRD .
This chart shows the women represented in different sectors in Benoni . \\n \\n The highest representation is spent by Insurance sector , at 65APPROX % . Tech sector are lower at 65 % . The representation decreases again for Financial Groups at 50APPROX % and is lower for XFOURTH , who spend on women around YFOURTHAPPROX % on women . The lowest representation is spent by Law Firms , at around 35APPROX % .
This chart shows how young people in Zarqa spend their evenings . We can see that Reading books accounts for a high YLABEL of this at 38 % whilst spending time with family follows at 32 % and watching TV at 12 % .
This chart shows the average time spent on social media daily in Maputo . \\n \\n The highest amount of minutes is spent by 45-54 , at 150APPROX minutes . XSECOND are lower at YSECONDAPPROX minutes . The amount of minutes decreases again for XTHIRD at YTHIRDAPPROX minutes and is lower for XFOURTH , who spend on T1AY around YFOURTHAPPROX minutes on T1AY . The lowest amount of minutes is spent by XLEAST , at around YLEASTAPPROX minutes .
The chart shows the time of PLOTTITLE . \\n The highest times of women are found in the age bracket of 15-24 ( YHIGHEST minutes ) , XSECOND ( YSECOND minutes ) and XTHIRD ( YTHIRDAPPROX minutes ) .
This chart shows the proportion of women working in different sectors . \\n \\n From the chart , we can see that Law firms is the XLABEL with the highest proportion of women represented , followed by financial groups and Tech has the smallest .
This chart shows the minority representation of minority representation in the parliament of Libya . \\n \\n As you will see between 2015 and 2019 ( 14 % ) and Between 2010 and 2014 ( YSECOND % ) are the highest and almost the same minority representation . \\n \\n Between 1990 and 1994 is the lowest years with YLEAST % minority representation . between 2005 and 2009 is the 3rd at 10 % .
This chart shows the average salary earnt by women between the years 2000 and 2015 . Over the years the T1AY salaries has increased it was YLEAST YMAG in 2000 and is now YHIGHESTAPPROX YMAG in 2015 .
This chart shows the average time spent on social media by age group in Maputo . \\n \\n The highest YLABEL is spent by 15 to 24 year olds , at 180 minutes . XSECOND are lower at YSECONDAPPROX minutes . The YLABEL decreases again for XTHIRD at YTHIRDAPPROX minutes and is lower for XFOURTH , who spend on T1AY around YFOURTHAPPROX minutes on T1AY . The lowest YLABEL is spent by 55 to 64 year olds , at around 70 minutes .
This graph shows the minority representation in the Lybian parliament from 1990 to between 2015 and 2019 . The highest is 14 % in 1990to94 , followed by 95to99 at YSECOND % then just over YTHIRDAPPROX % in 2000to2004 , YTHIRDAPPROX % in 2005to2009 , a drop to 6 % in 2010to2014 then up again in 2015tobetween 2015 and 2019 to about 7 % .
This chart represents how young people in Zarqa spend their evenings . \\n \\n GRHIGHESTSECOND are the most popular XLABEL , with just over GR38SECOND % of the young people evenings to young people in one of GRHIGHESTSECOND . \\n \\n Only 12 % of young people evenings to young people STEM XLABEL .
The chat shows that the gender pay gap is largest in the UK at over YHIGHESTAPPROX % , the next highest is Spain at 10 % . Germany has the lowest gender pay gap at YLEAST %
The chart shows that the majority of Young people spend their T1AX watch tv . read a book is the least popular way for Young people to spend their T0AX .
number in the parliament of lybia has steadily increased XSTART the years between 2010-2014 XEND between 1990-1994 . XSTART between 2010-2014 XEND 1994 it was approximately 6 % XEND in the years 2015 XEND between 1990-1994 it was approximately YHIGHEST % .
Phd is the highest studies in studies with YHIGHEST YUNIT however no degrees has only YLEAST YUNIT , a rather large difference . Masters follows closely behind with YSECOND YUNIT but bachelor and XFOURTH are even lower again at YTHIRD and YFOURTH YUNIT .
This graph shows the average annual salary for software engineers relative to their degree . T0AB holding PHD degree earn the highest , followed by Masters , then bachelors and finally no degree .
This chart shows the average time spent on social media daily in Maputo , split by age group . \\n \\n The highest time is spent by 45-54 year olds , at 150APPROX minutes . 15-24 are lower at 125APPROX minutes . The time decreases again for 55-64 year olds's at 115 minutes and is lower for XFOURTH , who spend on day around YFOURTHAPPROX minutes on day . The lowest time is spent by XLEAST , at around YLEASTAPPROX minutes .
The bar chart shows the percentage of students of PLOTTITLE . We can see that they are most study in GRHIGHESTSECOND XLABEL but least study in GRFOURTHLEAST .
This graph shows the causes of obesity in Kiribati . Almost YTHIRD percent of XTHIRD consisted of cases , and cases make up over 35 percent of the Lack of exercise . The genes is even higher at YHIGHEST percent , and fast food come in the smallest at YLEAST percent .
This chart shows how much money is spend (in millions of dollars) on higher education in various continents . We can see that Asia spends the most by far , followed by North America . Europe and Africa trail behind with much smaller YLABEL .
The chart shows the percentage of what was the cause of Obesity in Kiribati . \\n The highest percentages of women are found in the cause of obesity of Genetic ( YHIGHEST % ) , Lack of Exercise ( YSECOND % ) and XTHIRD ( YTHIRDAPPROX % ) . \\n The lowest percentage ( 24 % ) is in Fast Food while in XFOURTH the level is just over YFOURTH % .
This chart shows the gender pay gap of 3 countries . The largest is the UK with 16 % , followed by Spain at 10 % and lastly Germany at 5APPROX % .
This chart shows the average time spent on social media every day by people of different ages in Maputo . \\n \\n The highest YLABEL is spent by 45-54 years old , at 150APPROX day . 15-24 are lower at 120 day . The YLABEL decreases again for 110 at minutesAPPROX day 75 is lower for XFOURTH , who spend on 55-64 year olds around YFOURTHAPPROX day on 55-64 year olds . The lowest YLABEL is spent by XLEAST , at around YLEASTAPPROX day .
This graph represents the percentage of the minority representation in the Parliament of Lybia between the years 2010-2014 - 1995 . The highest minority representation is in 1995 with YHIGHEST YMAG , this is above the YSECOND YMAG in XSECOND . In 2004 the minority representation was YTHIRD YMAG and in 2010-2014 YLEAST YMAG . This shows an increase every SLOPEX years of SLOPEX YMAG .
this graph shows the causes of obesity leading the cause is fast food with 60 % follows by Genetic causes with 30 % and lack of exercise making up the remaining 10 % .
This chart shows the level of minority representation in the Parliament of Lybia from the period 1990 to 2015 to 2019 . Over the period the T1AY Representation has increased it was 0.5 % in 1990 and 0.5APPROX % in the period .
The graph shows Akef Inc closing stock prices for the week . \\n On Monday the closing stock price was £ 51 , on Tuesday it was £ 62APPROX and on Wednesday it was £ 74 . After that the closing stock price declined sharply to £ 22 and £ 10 on Thursday and Friday respectively .
This chart shows the Daily social media use by time in Maputo . \\n \\n The highest time is spent by 45-54 , at 150APPROX minutes . 15-24 are lower at 120 minutes . The time decreases again for XTHIRD at YTHIRDAPPROX minutes and is lower for XFOURTH , who spend on average around YFOURTHAPPROX minutes on average . The lowest time is spent by XLEAST , at around YLEASTAPPROX minutes .
The graph shows money spent on high educating in the year 2010 . The highest expenditure spent on T1AY was by the XLABEL asia at YHIGHEST dollars and the lowest expenditure was by the XLABEL africa with only 50APPROX dollars a T1AY just less than the XFOURTH XLABEL .
This chart shows the PLOTTITLE . T0AB holding PhD courses earn the highest , followed by Masters .
study are study well in the world and stem .
This chart shows the median salary of women in Najaf per year . \\n \\n From the chart , we can see that 2005 is the year with the highest salary , with YHIGHEST £ of the year being T1AY . 2000 follows with YSECOND £ of the year being T1AY , although this is a big drop from 2005 . 2010 follows closely with YTHIRD £ . \\n \\n However , after this , there is a big drop with the XFOURTH year containing only YFOURTH £ of T1AY and 2015 coming last with just 16APPROX £ of T1AY .
This graph shows that the amount is largest in the Asia at over YHIGHESTAPPROX dollars , the next highest is N America at YSECOND dollars . Africa has the lowest amount at 50 dollars
The graph shows that the YLABEL various XLABEL in najaf increased by increased over £ 25 ,000 , but was £ 22 £ in 2000 . In 2010 the YLABEL fell to £ 20 ,000 and in 2015 it was the lowest at £ 16 ,000 .
The median salary for women in Najaf yearly per INTERVAL XLABEL started fairly high in the table in the XLABEL 2000 and showed its highest in 200INTERVAL being £ 25 ,000 . Over the next 10 XLABEL the wage soon dropped to a shocking £ 16 ,000 by 201INTERVAL .
this chart shows what students are choosing to study , most popular subjects STEM with 50 % of the subjects opting to T1AY and XSECOND with YSECOND % of the subjects being T1AY , although this is a big drop from STEM . XTHIRD follows closely with YTHIRD % .
Here we see a bar chart of causes of Obesity in Kiribati . \\n \\n GRHIGHESTSECOND it was just under % 35 % a cause . \\n In genetic it was just above % 25 % a cause . \\n It is unclear according to this chart why the median has n't been consistent .
This chart represents the closing stock price at Akef Inc during one working week . \\n \\n The highest stock price for T1AB is on beginning of the week at £ YHIGHESTAPPROX , the lowest stock price of the week is end at £ YLEASTAPPROX which is a huge difference . \\n \\n The market appears to start off slowly on a XTHIRD gradually gradually increases on XSECOND .